Using pre-set license

 COMMAND LINE ARGUMENTS:
/Applications/Unity/Hub/Editor/2020.3.13f1/Unity.app/Contents/MacOS/Unity
-adb2
-batchMode
-noUpm
-name
AssetImportWorker0
-projectPath
/Users/Ghazal/Documents/GITHUB/RPG-Rancho-Rodadora
-logFile
Logs/AssetImportWorker0.log
-srvPort
58276
Successfully changed project path to: /Users/Ghazal/Documents/GITHUB/RPG-Rancho-Rodadora
/Users/Ghazal/Documents/GITHUB/RPG-Rancho-Rodadora
Using Asset Import Pipeline V2.
Refreshing native plugins compatible for Editor in 62.91 ms, found 2 plugins.
Preloading 0 native plugins for Editor in 0.00 ms.
Initialize engine version: 2020.3.13f1 (71691879b7f5)
[Subsystems] Discovering subsystems at path /Applications/Unity/Hub/Editor/2020.3.13f1/Unity.app/Contents/Resources/UnitySubsystems
[Subsystems] Discovering subsystems at path /Users/Ghazal/Documents/GITHUB/RPG-Rancho-Rodadora/Assets
GfxDevice: creating device client; threaded=0
2021-10-08 11:47:16.486 Unity[7968:119085] Color LCD preferred device: AMD Radeon Pro 5500M (high power)
2021-10-08 11:47:16.486 Unity[7968:119085] Metal devices available: 2
2021-10-08 11:47:16.486 Unity[7968:119085] 0: AMD Radeon Pro 5500M (high power)
2021-10-08 11:47:16.486 Unity[7968:119085] 1: Intel(R) UHD Graphics 630 (low power)
2021-10-08 11:47:16.488 Unity[7968:119085] Using device AMD Radeon Pro 5500M (high power)
Initializing Metal device caps: AMD Radeon Pro 5500M
Shader 'Universal Render Pipeline/Particles/Lit': fallback shader 'Universal Render Pipeline/Particles/SimpleLit' not found
Initialize mono
Mono path[0] = '/Applications/Unity/Hub/Editor/2020.3.13f1/Unity.app/Contents/Managed'
Mono path[1] = '/Applications/Unity/Hub/Editor/2020.3.13f1/Unity.app/Contents/MonoBleedingEdge/lib/mono/unityjit'
Mono config path = '/Applications/Unity/Hub/Editor/2020.3.13f1/Unity.app/Contents/MonoBleedingEdge/etc'
Using monoOptions --debugger-agent=transport=dt_socket,embedding=1,server=y,suspend=n,address=127.0.0.1:56968
Begin MonoManager ReloadAssembly
Registering precompiled unity dll's ...
Register platform support module: /Applications/Unity/Hub/Editor/2020.3.13f1/Unity.app/Contents/PlaybackEngines/MacStandaloneSupport/UnityEditor.OSXStandalone.Extensions.dll
Registered in 0.000624 seconds.
Native extension for OSXStandalone target not found
Refreshing native plugins compatible for Editor in 60.28 ms, found 2 plugins.
Preloading 0 native plugins for Editor in 0.00 ms.
Mono: successfully reloaded assembly
- Completed reload, in  1.795 seconds
Platform modules already initialized, skipping
Registering precompiled user dll's ...
Registered in 0.002773 seconds.
Begin MonoManager ReloadAssembly
Native extension for OSXStandalone target not found
Refreshing native plugins compatible for Editor in 55.92 ms, found 2 plugins.
Preloading 0 native plugins for Editor in 0.00 ms.
Mono: successfully reloaded assembly
- Completed reload, in  1.452 seconds
Platform modules already initialized, skipping
========================================================================
Worker process is ready to serve import requests
Shader 'Universal Render Pipeline/Particles/Lit': fallback shader 'Universal Render Pipeline/Particles/SimpleLit' not found
Launching external process: /Applications/Unity/Hub/Editor/2020.3.13f1/Unity.app/Contents/Tools/UnityShaderCompiler
Launched and connected shader compiler UnityShaderCompiler after 0.01 seconds
Refreshing native plugins compatible for Editor in 0.73 ms, found 2 plugins.
Preloading 0 native plugins for Editor in 0.00 ms.
Unloading 3538 Unused Serialized files (Serialized files now loaded: 0)
System memory in use before: 240.5 MB.
System memory in use after: 240.7 MB.

Unloading 164 unused Assets to reduce memory usage. Loaded Objects now: 3946.
Total: 3.145118 ms (FindLiveObjects: 0.354592 ms CreateObjectMapping: 0.137898 ms MarkObjects: 2.487627 ms  DeleteObjects: 0.164096 ms)

AssetImportParameters requested are different than current active one (requested -> active):
  custom:video-decoder-ogg-theora: a1e56fd34408186e4bbccfd4996cb3dc -> 
  custom:container-muxer-webm: aa71ff27fc2769a1b78a27578f13a17b -> 
  custom:container-demuxer-webm: 4f35f7cbe854078d1ac9338744f61a02 -> 
  custom:container-demuxer-ogg: 62fdf1f143b41e24485cea50d1cbac27 -> 
  custom:video-encoder-webm-vp8: eb34c28f22e8b96e1ab97ce403110664 -> 
  custom:framework-osx-AVFoundation: e770b220cccbd017edd2c1fefb359320 -> 
  custom:video-decoder-webm-vp8: 9c59270c3fd7afecdb556c50c9e8de78 -> 
  custom:audio-decoder-ogg-vorbis: bf7c407c2cedff20999df2af8eb42d56 -> 
  custom:audio-encoder-webm-vorbis: bf7c407c2cedff20999df2af8eb42d56 -> 
========================================================================
Received Import Request.
  path: Assets/ForwardRenderer.asset
  artifactKey: Guid(504a7a3abd5e3614e8fc3f25834bd40e) Importer(815301076,1909f56bfc062723c751e8b465ee728b)
Start importing Assets/ForwardRenderer.asset using Guid(504a7a3abd5e3614e8fc3f25834bd40e) Importer(815301076,1909f56bfc062723c751e8b465ee728b)  -> (artifact id: '7343f479f89b80ee2f336bfb266e721b') in 0.737575 seconds 
  Import took 0.742460 seconds .

========================================================================
Received Import Request.
  Time since last request: 0.000190 seconds.
  path: Assets/Readme.asset
  artifactKey: Guid(83c2ed844a8c74b779a4c823d16594b1) Importer(815301076,1909f56bfc062723c751e8b465ee728b)
Start importing Assets/Readme.asset using Guid(83c2ed844a8c74b779a4c823d16594b1) Importer(815301076,1909f56bfc062723c751e8b465ee728b)  -> (artifact id: 'f3c2375483efcb8c099e3c8e8543e166') in 0.002642 seconds 
  Import took 0.006940 seconds .

========================================================================
Received Import Request.
  Time since last request: 0.926094 seconds.
  path: Assets/Creator Kit - Beginner Code
  artifactKey: Guid(9546186b4e5949b4486ea0b09a3f5ef1) Importer(815301076,1909f56bfc062723c751e8b465ee728b)
Start importing Assets/Creator Kit - Beginner Code using Guid(9546186b4e5949b4486ea0b09a3f5ef1) Importer(815301076,1909f56bfc062723c751e8b465ee728b)  -> (artifact id: 'ed38f4b22044563a1d881ba8ac917cb7') in 0.000998 seconds 
  Import took 0.005635 seconds .

========================================================================
Received Import Request.
  Time since last request: 0.006100 seconds.
  path: Assets/Creator Kit - Beginner Code
  artifactKey: Guid(9546186b4e5949b4486ea0b09a3f5ef1) Importer(815301076,1909f56bfc062723c751e8b465ee728b)
Start importing Assets/Creator Kit - Beginner Code using Guid(9546186b4e5949b4486ea0b09a3f5ef1) Importer(815301076,1909f56bfc062723c751e8b465ee728b)  -> (artifact id: 'ed38f4b22044563a1d881ba8ac917cb7') in 0.000786 seconds 
  Import took 0.005173 seconds .

========================================================================
Received Import Request.
  Time since last request: 0.128618 seconds.
  path: Assets/Creator Kit - Beginner Code/LightweightRenderPipelineAsset.asset
  artifactKey: Guid(ba9d76aa89f87d941b0e24575687ba6b) Importer(815301076,1909f56bfc062723c751e8b465ee728b)
Start importing Assets/Creator Kit - Beginner Code/LightweightRenderPipelineAsset.asset using Guid(ba9d76aa89f87d941b0e24575687ba6b) Importer(815301076,1909f56bfc062723c751e8b465ee728b)  -> (artifact id: 'f947fed9d8dd07880de9ba85429f38c1') in 0.003009 seconds 
  Import took 0.008509 seconds .

========================================================================
Received Import Request.
  Time since last request: 0.562123 seconds.
  path: Assets/Creator Kit - Beginner Code/Art
  artifactKey: Guid(4319597e405965947afc8a2b05927930) Importer(815301076,1909f56bfc062723c751e8b465ee728b)
Start importing Assets/Creator Kit - Beginner Code/Art using Guid(4319597e405965947afc8a2b05927930) Importer(815301076,1909f56bfc062723c751e8b465ee728b)  -> (artifact id: '940682045b54edb3024377bf41ba17c6') in 0.001010 seconds 
  Import took 0.005511 seconds .

========================================================================
Received Import Request.
  Time since last request: 2.051907 seconds.
  path: Assets/Creator Kit - Beginner Code/Art/Texture
  artifactKey: Guid(e6f59c2ee41c8134a9ea9f5e7701c5ec) Importer(815301076,1909f56bfc062723c751e8b465ee728b)
Start importing Assets/Creator Kit - Beginner Code/Art/Texture using Guid(e6f59c2ee41c8134a9ea9f5e7701c5ec) Importer(815301076,1909f56bfc062723c751e8b465ee728b)  -> (artifact id: '3e2e234c2531cc6564413558238b5b3a') in 0.001118 seconds 
  Import took 0.006437 seconds .

========================================================================
Received Import Request.
  Time since last request: 1.075245 seconds.
  path: Assets/Creator Kit - Beginner Code/Art/Texture/Buildings
  artifactKey: Guid(38959a8459cecc14691665258df4c881) Importer(815301076,1909f56bfc062723c751e8b465ee728b)
Start importing Assets/Creator Kit - Beginner Code/Art/Texture/Buildings using Guid(38959a8459cecc14691665258df4c881) Importer(815301076,1909f56bfc062723c751e8b465ee728b)  -> (artifact id: '48faca5bf258d91d3fef0b2e8054c4bb') in 0.001121 seconds 
  Import took 0.006335 seconds .

========================================================================
Received Import Request.
  Time since last request: 0.145662 seconds.
  path: Assets/Creator Kit - Beginner Code/Art/Texture/Buildings/Buildings_Albedo.tif
  artifactKey: Guid(9d6ded28aa9e0a0409aed2fa9ed14924) Importer(815301076,1909f56bfc062723c751e8b465ee728b)
Start importing Assets/Creator Kit - Beginner Code/Art/Texture/Buildings/Buildings_Albedo.tif using Guid(9d6ded28aa9e0a0409aed2fa9ed14924) Importer(815301076,1909f56bfc062723c751e8b465ee728b)  -> (artifact id: '96975249bd7007cb71f4569d91d61c8d') in 0.693178 seconds 
  Import took 0.698467 seconds .

========================================================================
Received Import Request.
  Time since last request: 0.000165 seconds.
  path: Assets/Creator Kit - Beginner Code/Art/Texture/Buildings/Buildings_Occlusion.tif
  artifactKey: Guid(a9e11ac2413c797459c628a2494358c3) Importer(815301076,1909f56bfc062723c751e8b465ee728b)
Start importing Assets/Creator Kit - Beginner Code/Art/Texture/Buildings/Buildings_Occlusion.tif using Guid(a9e11ac2413c797459c628a2494358c3) Importer(815301076,1909f56bfc062723c751e8b465ee728b)  -> (artifact id: 'cb791ab945bae7a2cab3f0762fdbf19d') in 0.008732 seconds 
  Import took 0.013419 seconds .

========================================================================
Received Import Request.
  Time since last request: 0.000172 seconds.
  path: Assets/Creator Kit - Beginner Code/Art/Texture/Buildings/Buildings_MetallicSmoothness.tif
  artifactKey: Guid(4a64ef26f51f4a0418f30529d8cb8c4f) Importer(815301076,1909f56bfc062723c751e8b465ee728b)
Start importing Assets/Creator Kit - Beginner Code/Art/Texture/Buildings/Buildings_MetallicSmoothness.tif using Guid(4a64ef26f51f4a0418f30529d8cb8c4f) Importer(815301076,1909f56bfc062723c751e8b465ee728b)  -> (artifact id: '0261aeae42ab8d5c2995f935ddad0c69') in 0.013331 seconds 
  Import took 0.017710 seconds .

========================================================================
Received Import Request.
  Time since last request: 0.000178 seconds.
  path: Assets/Creator Kit - Beginner Code/Art/Texture/Buildings/Buildings_Normal.tif
  artifactKey: Guid(9c2c95fe1da2dc348817a1c02aa73d7c) Importer(815301076,1909f56bfc062723c751e8b465ee728b)
Start importing Assets/Creator Kit - Beginner Code/Art/Texture/Buildings/Buildings_Normal.tif using Guid(9c2c95fe1da2dc348817a1c02aa73d7c) Importer(815301076,1909f56bfc062723c751e8b465ee728b)  -> (artifact id: '8dc84fedfa63bf34071cc6d45407534e') in 0.029365 seconds 
  Import took 0.033694 seconds .

========================================================================
Received Import Request.
  Time since last request: 9.008880 seconds.
  path: Assets/Creator Kit - Beginner Code/Art/Texture/Buildings/Buildings_Albedo.tiff
  artifactKey: Guid(13696cd55608d4e90bf019b6aab5c1ce) Importer(815301076,1909f56bfc062723c751e8b465ee728b)
Start importing Assets/Creator Kit - Beginner Code/Art/Texture/Buildings/Buildings_Albedo.tiff using Guid(13696cd55608d4e90bf019b6aab5c1ce) Importer(815301076,1909f56bfc062723c751e8b465ee728b)  -> (artifact id: '5c9bc14b6dbf074780da4af774b77d15') in 0.663817 seconds 
  Import took 0.669344 seconds .

========================================================================
Received Import Request.
  Time since last request: 3.326667 seconds.
  path: Assets/Creator Kit - Beginner Code/Scenes/PostProcessing.asset
  artifactKey: Guid(ec091a1803b7f534dbf2794acdde8a82) Importer(815301076,1909f56bfc062723c751e8b465ee728b)
Start importing Assets/Creator Kit - Beginner Code/Scenes/PostProcessing.asset using Guid(ec091a1803b7f534dbf2794acdde8a82) Importer(815301076,1909f56bfc062723c751e8b465ee728b)  -> (artifact id: 'bbfa5f4a18a1463633759727af69a5b1') in 0.016728 seconds 
  Import took 0.022107 seconds .

========================================================================
Received Import Request.
  Time since last request: 0.006325 seconds.
  path: Assets/Creator Kit - Beginner Code/Scenes/PostProcessing.asset
  artifactKey: Guid(ec091a1803b7f534dbf2794acdde8a82) Importer(815301076,1909f56bfc062723c751e8b465ee728b)
Start importing Assets/Creator Kit - Beginner Code/Scenes/PostProcessing.asset using Guid(ec091a1803b7f534dbf2794acdde8a82) Importer(815301076,1909f56bfc062723c751e8b465ee728b)  -> (artifact id: 'bbfa5f4a18a1463633759727af69a5b1') in 0.002068 seconds 
  Import took 0.006875 seconds .

========================================================================
Received Import Request.
  Time since last request: 1.154237 seconds.
  path: Assets/Creator Kit - Beginner Code/Scenes/ExampleScene.unity
  artifactKey: Guid(ff09c31ad1e1ae44c8a2939b67d1180f) Importer(815301076,1909f56bfc062723c751e8b465ee728b)
Start importing Assets/Creator Kit - Beginner Code/Scenes/ExampleScene.unity using Guid(ff09c31ad1e1ae44c8a2939b67d1180f) Importer(815301076,1909f56bfc062723c751e8b465ee728b)  -> (artifact id: 'cc590fe56d4fc54f9402381c0e52bbe0') in 0.001445 seconds 
  Import took 0.006949 seconds .

========================================================================
Received Import Request.
  Time since last request: 28.121170 seconds.
  path: Assets/Scenes
  artifactKey: Guid(1e691fb6a20744cbabe02ed25bba6d50) Importer(815301076,1909f56bfc062723c751e8b465ee728b)
Start importing Assets/Scenes using Guid(1e691fb6a20744cbabe02ed25bba6d50) Importer(815301076,1909f56bfc062723c751e8b465ee728b)  -> (artifact id: '50e9118709441f7c4e6c266a57c7d296') in 0.001290 seconds 
  Import took 0.006735 seconds .

========================================================================
Received Import Request.
  Time since last request: 9.264515 seconds.
  path: Assets/CTIN-406L
  artifactKey: Guid(515bdb8b17fd74805a615265dd82734f) Importer(815301076,1909f56bfc062723c751e8b465ee728b)
Start importing Assets/CTIN-406L using Guid(515bdb8b17fd74805a615265dd82734f) Importer(815301076,1909f56bfc062723c751e8b465ee728b)  -> (artifact id: 'dbbc50ca888026e2f897a1006a1882e6') in 0.001574 seconds 
  Import took 0.006647 seconds .

